\BOOKMARK [0][-]{chapter.1}{\376\377\000I\000n\000t\000r\000o\000d\000u\000c\000t\000i\000o\000n}{}% 1
\BOOKMARK [1][-]{section.1.1}{\376\377\000M\000o\000t\000i\000v\000a\000t\000i\000o\000n}{chapter.1}% 2
\BOOKMARK [1][-]{section.1.2}{\376\377\000R\000e\000l\000a\000t\000e\000d\000\040\000W\000o\000r\000k}{chapter.1}% 3
\BOOKMARK [1][-]{section.1.3}{\376\377\000C\000o\000n\000t\000r\000i\000b\000u\000t\000i\000o\000n\000s}{chapter.1}% 4
\BOOKMARK [0][-]{chapter.2}{\376\377\000P\000r\000e\000p\000a\000r\000a\000t\000i\000o\000n}{}% 5
\BOOKMARK [1][-]{section.2.1}{\376\377\000B\000a\000c\000k\000g\000r\000o\000u\000n\000d}{chapter.2}% 6
\BOOKMARK [1][-]{section.2.2}{\376\377\000G\000r\000a\000p\000h\000\040\000R\000e\000p\000r\000e\000s\000e\000n\000t\000a\000t\000i\000o\000n\000a\000l\000\040\000L\000e\000a\000r\000n\000i\000n\000g}{chapter.2}% 7
\BOOKMARK [2][-]{subsection.2.2.1}{\376\377\000G\000r\000a\000p\000h\000\040\000C\000o\000n\000v\000o\000l\000u\000t\000i\000o\000n\000a\000l\000\040\000N\000e\000t\000w\000o\000r\000k}{section.2.2}% 8
\BOOKMARK [2][-]{subsection.2.2.2}{\376\377\000S\000i\000m\000p\000l\000i\000f\000i\000e\000d\000\040\000G\000r\000a\000p\000h\000\040\000C\000o\000n\000v\000o\000l\000u\000t\000i\000o\000n}{section.2.2}% 9
\BOOKMARK [1][-]{section.2.3}{\376\377\000E\000x\000p\000l\000a\000i\000n\000a\000b\000i\000l\000i\000t\000y}{chapter.2}% 10
\BOOKMARK [2][-]{subsection.2.3.1}{\376\377\000C\000o\000n\000c\000e\000p\000t\000s}{section.2.3}% 11
\BOOKMARK [2][-]{subsection.2.3.2}{\376\377\000G\000r\000a\000p\000h\000\040\000C\000o\000n\000c\000e\000p\000t\000\040\000E\000x\000p\000l\000a\000i\000n\000e\000r}{section.2.3}% 12
\BOOKMARK [1][-]{section.2.4}{\376\377\000D\000a\000t\000a\000s\000e\000t\000s}{chapter.2}% 13
\BOOKMARK [2][-]{subsection.2.4.1}{\376\377\000S\000y\000n\000t\000h\000e\000t\000i\000c}{section.2.4}% 14
\BOOKMARK [2][-]{subsection.2.4.2}{\376\377\000R\000e\000a\000l\000-\000W\000o\000r\000l\000d}{section.2.4}% 15
\BOOKMARK [1][-]{section.2.5}{\376\377\000T\000o\000o\000l\000s\000\040\000U\000s\000e\000d}{chapter.2}% 16
\BOOKMARK [1][-]{section.2.6}{\376\377\000S\000o\000f\000t\000w\000a\000r\000e\000\040\000M\000e\000t\000h\000o\000d\000o\000l\000o\000g\000y}{chapter.2}% 17
\BOOKMARK [1][-]{section.2.7}{\376\377\000T\000e\000s\000t\000i\000n\000g}{chapter.2}% 18
\BOOKMARK [1][-]{section.2.8}{\376\377\000L\000i\000c\000e\000n\000s\000i\000n\000g}{chapter.2}% 19
\BOOKMARK [1][-]{section.2.9}{\376\377\000S\000t\000a\000r\000t\000i\000n\000g\000\040\000P\000o\000i\000n\000t}{chapter.2}% 20
\BOOKMARK [0][-]{chapter.3}{\376\377\000I\000m\000p\000l\000e\000m\000e\000n\000t\000a\000t\000i\000o\000n}{}% 21
\BOOKMARK [1][-]{section.3.1}{\376\377\000M\000a\000c\000h\000i\000n\000e\000\040\000L\000e\000a\000r\000n\000i\000n\000g\000\040\000P\000i\000p\000e\000l\000i\000n\000e}{chapter.3}% 22
\BOOKMARK [2][-]{subsection.3.1.1}{\376\377\000R\000e\000p\000r\000o\000d\000u\000c\000i\000b\000i\000l\000i\000t\000y}{section.3.1}% 23
\BOOKMARK [2][-]{subsection.3.1.2}{\376\377\000E\000x\000p\000e\000r\000i\000m\000e\000n\000t\000a\000t\000i\000o\000n}{section.3.1}% 24
\BOOKMARK [1][-]{section.3.2}{\376\377\000M\000o\000d\000e\000l\000s\000\040\000\046\000\040\000D\000a\000t\000a\000s\000e\000t\000s}{chapter.3}% 25
\BOOKMARK [1][-]{section.3.3}{\376\377\000C\000o\000n\000c\000e\000p\000t\000\040\000E\000x\000t\000r\000a\000c\000t\000i\000o\000n\000\040\000a\000n\000d\000\040\000E\000v\000a\000l\000u\000a\000t\000i\000o\000n}{chapter.3}% 26
\BOOKMARK [2][-]{subsection.3.3.1}{\376\377\000E\000x\000t\000r\000a\000c\000t\000i\000o\000n}{section.3.3}% 27
\BOOKMARK [2][-]{subsection.3.3.2}{\376\377\000E\000v\000a\000l\000u\000a\000t\000i\000o\000n}{section.3.3}% 28
\BOOKMARK [2][-]{subsection.3.3.3}{\376\377\000V\000i\000s\000u\000a\000l\000i\000s\000a\000t\000i\000o\000n}{section.3.3}% 29
\BOOKMARK [1][-]{section.3.4}{\376\377\000P\000y\000t\000o\000r\000c\000h\000\040\000G\000e\000o\000m\000e\000t\000r\000i\000c}{chapter.3}% 30
\BOOKMARK [1][-]{section.3.5}{\376\377\000R\000e\000p\000o\000s\000i\000t\000o\000r\000y}{chapter.3}% 31
\BOOKMARK [0][-]{chapter.4}{\376\377\000E\000v\000a\000l\000u\000a\000t\000i\000o\000n}{}% 32
\BOOKMARK [1][-]{section.4.1}{\376\377\000S\000u\000c\000c\000e\000s\000s\000\040\000C\000r\000i\000t\000e\000r\000i\000a}{chapter.4}% 33
\BOOKMARK [1][-]{section.4.2}{\376\377\000M\000e\000t\000h\000o\000d\000o\000l\000o\000g\000y}{chapter.4}% 34
\BOOKMARK [1][-]{section.4.3}{\376\377\000R\000e\000s\000u\000l\000t\000s\000\040\000R\000e\000p\000r\000o\000d\000u\000c\000t\000i\000o\000n}{chapter.4}% 35
\BOOKMARK [1][-]{section.4.4}{\376\377\000C\000o\000m\000p\000a\000r\000i\000s\000o\000n\000\040\000o\000f\000\040\000A\000c\000c\000u\000r\000a\000c\000y}{chapter.4}% 36
\BOOKMARK [1][-]{section.4.5}{\376\377\000C\000o\000m\000p\000a\000r\000i\000s\000o\000n\000\040\000o\000f\000\040\000C\000o\000n\000c\000e\000p\000t\000\040\000S\000c\000o\000r\000e\000s}{chapter.4}% 37
\BOOKMARK [1][-]{section.4.6}{\376\377\000E\000x\000t\000e\000n\000s\000i\000o\000n\000s}{chapter.4}% 38
\BOOKMARK [2][-]{subsection.4.6.1}{\376\377\000S\000G\000C\000\040\000G\000r\000a\000p\000h\000\040\000C\000l\000a\000s\000s\000i\000f\000i\000c\000a\000t\000i\000o\000n}{section.4.6}% 39
\BOOKMARK [2][-]{subsection.4.6.2}{\376\377\000S\000G\000C\000\040\000a\000n\000d\000\040\000G\000C\000N\000\040\000M\000i\000x\000e\000d\000\040\000M\000o\000d\000e\000l}{section.4.6}% 40
\BOOKMARK [2][-]{subsection.4.6.3}{\376\377\000J\000u\000m\000p\000N\000e\000t\000\040\000s\000t\000y\000l\000e\000\040\000S\000G\000C}{section.4.6}% 41
\BOOKMARK [2][-]{subsection.4.6.4}{\376\377\000T\000u\000n\000a\000b\000l\000e\000\040\000D\000a\000t\000a\000s\000e\000t}{section.4.6}% 42
\BOOKMARK [0][-]{chapter.5}{\376\377\000C\000o\000n\000c\000l\000u\000s\000i\000o\000n}{}% 43
\BOOKMARK [0][-]{appendix.A}{\376\377\000P\000r\000o\000p\000o\000s\000a\000l}{}% 44
\BOOKMARK [1][-]{section.A.1}{\376\377\000D\000e\000s\000c\000r\000i\000p\000t\000i\000o\000n}{appendix.A}% 45
\BOOKMARK [2][-]{subsection.A.1.1}{\376\377\000I\000n\000t\000r\000o\000d\000u\000c\000t\000i\000o\000n}{section.A.1}% 46
\BOOKMARK [2][-]{subsection.A.1.2}{\376\377\000E\000x\000t\000e\000n\000s\000i\000o\000n\000s}{section.A.1}% 47
\BOOKMARK [2][-]{subsection.A.1.3}{\376\377\000S\000u\000b\000s\000t\000a\000n\000c\000e\000\040\000a\000n\000d\000\040\000S\000t\000r\000u\000c\000t\000u\000r\000e}{section.A.1}% 48
\BOOKMARK [1][-]{section.A.2}{\376\377\000S\000t\000a\000r\000t\000i\000n\000g\000\040\000P\000o\000i\000n\000t}{appendix.A}% 49
\BOOKMARK [1][-]{section.A.3}{\376\377\000S\000u\000c\000c\000e\000s\000s\000\040\000C\000r\000i\000t\000e\000r\000i\000a}{appendix.A}% 50
\BOOKMARK [1][-]{section.A.4}{\376\377\000W\000o\000r\000k\000\040\000P\000l\000a\000n}{appendix.A}% 51
\BOOKMARK [2][-]{subsection.A.4.1}{\376\377\000I\000n\000t\000e\000r\000v\000a\000l\000\040\0001\000:\000\040\0001\0003\000/\0001\0000\000\040\000-\000\040\0002\0006\000/\0001\0000}{section.A.4}% 52
\BOOKMARK [2][-]{subsection.A.4.2}{\376\377\000I\000n\000t\000e\000r\000v\000a\000l\000\040\0002\000:\000\040\0002\0007\000/\0001\0000\000\040\000-\000\040\0009\000/\0001\0001}{section.A.4}% 53
\BOOKMARK [2][-]{subsection.A.4.3}{\376\377\000I\000n\000t\000e\000r\000v\000a\000l\000\040\0003\000:\000\040\0001\0000\000/\0001\0001\000\040\000-\000\040\0002\0003\000/\0001\0001}{section.A.4}% 54
\BOOKMARK [2][-]{subsection.A.4.4}{\376\377\000I\000n\000t\000e\000r\000v\000a\000l\000\040\0004\000:\000\040\0002\0004\000/\0001\0001\000\040\000-\000\040\0007\000/\0001\0002}{section.A.4}% 55
\BOOKMARK [2][-]{subsection.A.4.5}{\376\377\000I\000n\000t\000e\000r\000v\000a\000l\000\040\0005\000:\000\040\0008\000/\0001\0002\000\040\000-\000\040\0002\0001\000/\0001\0002}{section.A.4}% 56
\BOOKMARK [2][-]{subsection.A.4.6}{\376\377\000I\000n\000t\000e\000r\000v\000a\000l\000\040\0006\000:\000\040\0002\0002\000/\0001\0002\000\040\000-\000\040\0004\000/\0001}{section.A.4}% 57
\BOOKMARK [2][-]{subsection.A.4.7}{\376\377\000I\000n\000t\000e\000r\000v\000a\000l\000\040\0007\000:\000\040\0005\000/\0001\000\040\000-\000\040\0001\0008\000/\0001}{section.A.4}% 58
\BOOKMARK [2][-]{subsection.A.4.8}{\376\377\000I\000n\000t\000e\000r\000v\000a\000l\000\040\0008\000:\000\040\0001\0009\000/\0001\000\040\000-\000\040\0001\000/\0002}{section.A.4}% 59
\BOOKMARK [2][-]{subsection.A.4.9}{\376\377\000I\000n\000t\000e\000r\000v\000a\000l\000\040\0009\000:\000\040\0002\000/\0002\000\040\000-\000\040\0001\0005\000/\0002}{section.A.4}% 60
\BOOKMARK [2][-]{subsection.A.4.10}{\376\377\000I\000n\000t\000e\000r\000v\000a\000l\000\040\0001\0000\000:\000\040\0001\0006\000/\0002\000\040\000-\000\040\0001\000/\0003}{section.A.4}% 61
\BOOKMARK [2][-]{subsection.A.4.11}{\376\377\000I\000n\000t\000e\000r\000v\000a\000l\000\040\0001\0001\000:\000\040\0002\000/\0003\000\040\000-\000\040\0001\0005\000/\0003}{section.A.4}% 62
\BOOKMARK [2][-]{subsection.A.4.12}{\376\377\000I\000n\000t\000e\000r\000v\000a\000l\000\040\0001\0002\000:\000\040\0001\0006\000/\0003\000\040\000-\000\040\0002\0009\000/\0003}{section.A.4}% 63
\BOOKMARK [2][-]{subsection.A.4.13}{\376\377\000I\000n\000t\000e\000r\000v\000a\000l\000\040\0001\0003\000:\000\040\0003\0000\000/\0003\000\040\000-\000\040\0001\0002\000/\0004}{section.A.4}% 64
\BOOKMARK [2][-]{subsection.A.4.14}{\376\377\000I\000n\000t\000e\000r\000v\000a\000l\000\040\0001\0004\000:\000\040\0001\0003\000/\0004\000\040\000-\000\040\0002\0007\000/\0004}{section.A.4}% 65
\BOOKMARK [1][-]{section.A.5}{\376\377\000S\000u\000p\000e\000r\000v\000i\000s\000o\000r\000s}{appendix.A}% 66
\BOOKMARK [1][-]{section.A.6}{\376\377\000R\000e\000s\000o\000u\000r\000c\000e\000\040\000D\000e\000c\000l\000a\000r\000a\000t\000i\000o\000n}{appendix.A}% 67
